<?xml version="1.0" encoding="UTF-8"?>
<!-- Generated by org.testng.reporters.JUnitReportReporter -->
<testsuite skipped="2" hostname="IMA-PC" name="myfinance.VariableInvoiceGenerationWithTax" tests="7" failures="0" timestamp="13 Dec 2017 07:29:59 GMT" time="237.127" errors="1">
  <testcase name="ScriptName" time="4.012" classname="myfinance.VariableInvoiceGenerationWithTax"/>
  <testcase name="Login" time="45.762" classname="myfinance.VariableInvoiceGenerationWithTax"/>
  <testcase name="Tax" time="18.548" classname="myfinance.VariableInvoiceGenerationWithTax"/>
  <testcase name="log" time="35.963" classname="myfinance.VariableInvoiceGenerationWithTax"/>
  <testcase name="generate" time="132.842" classname="myfinance.VariableInvoiceGenerationWithTax">
    <error type="org.openqa.selenium.WebDriverException" message="Element is not clickable at point (494.95001220703125, 238.4166717529297). Other element would receive the click: &lt;div style=&quot;position: fixed; z-index: 10000; background: rgb(0, 0, 0) none repeat scroll 0% 0%; opacity: 0.5; width: 100%; height: 100%; top: 0.000012207px; left: 0px; display: block;&quot; class=&quot;loading&quot; id=&quot;loading&quot;&gt;&lt;/div&gt;
Command duration or timeout: 88 milliseconds
Build info: version: &#039;2.53.1&#039;, revision: &#039;a36b8b1&#039;, time: &#039;2016-06-30 17:32:46&#039;
System info: host: &#039;IMA-PC&#039;, ip: &#039;192.168.1.105&#039;, os.name: &#039;Windows 7&#039;, os.arch: &#039;amd64&#039;, os.version: &#039;6.1&#039;, java.version: &#039;1.8.0_131&#039;
Driver info: org.openqa.selenium.firefox.FirefoxDriver
Capabilities [{applicationCacheEnabled=true, rotatable=false, handlesAlerts=true, databaseEnabled=true, version=46.0.1, platform=WINDOWS, nativeEvents=false, acceptSslCerts=true, webStorageEnabled=true, locationContextEnabled=true, browserName=firefox, takesScreenshot=true, javascriptEnabled=true, cssSelectorsEnabled=true}]
Session ID: 7b17cab4-ee48-403c-82c0-7147d320024b">
      <![CDATA[org.openqa.selenium.WebDriverException: Element is not clickable at point (494.95001220703125, 238.4166717529297). Other element would receive the click: <div style="position: fixed; z-index: 10000; background: rgb(0, 0, 0) none repeat scroll 0% 0%; opacity: 0.5; width: 100%; height: 100%; top: 0.000012207px; left: 0px; display: block;" class="loading" id="loading"></div>
Command duration or timeout: 88 milliseconds
Build info: version: '2.53.1', revision: 'a36b8b1', time: '2016-06-30 17:32:46'
System info: host: 'IMA-PC', ip: '192.168.1.105', os.name: 'Windows 7', os.arch: 'amd64', os.version: '6.1', java.version: '1.8.0_131'
Driver info: org.openqa.selenium.firefox.FirefoxDriver
Capabilities [{applicationCacheEnabled=true, rotatable=false, handlesAlerts=true, databaseEnabled=true, version=46.0.1, platform=WINDOWS, nativeEvents=false, acceptSslCerts=true, webStorageEnabled=true, locationContextEnabled=true, browserName=firefox, takesScreenshot=true, javascriptEnabled=true, cssSelectorsEnabled=true}]
Session ID: 7b17cab4-ee48-403c-82c0-7147d320024b
	at sun.reflect.NativeConstructorAccessorImpl.newInstance0(Native Method)
	at sun.reflect.NativeConstructorAccessorImpl.newInstance(Unknown Source)
	at sun.reflect.DelegatingConstructorAccessorImpl.newInstance(Unknown Source)
	at java.lang.reflect.Constructor.newInstance(Unknown Source)
	at org.openqa.selenium.remote.ErrorHandler.createThrowable(ErrorHandler.java:206)
	at org.openqa.selenium.remote.ErrorHandler.throwIfResponseFailed(ErrorHandler.java:158)
	at org.openqa.selenium.remote.RemoteWebDriver.execute(RemoteWebDriver.java:678)
	at org.openqa.selenium.remote.RemoteWebElement.execute(RemoteWebElement.java:327)
	at org.openqa.selenium.remote.RemoteWebElement.click(RemoteWebElement.java:85)
	at myfinance.logindetails.SearchVoucherno(logindetails.java:102)
	at myfinance.InvoiceGenerationHelper.VariableInvoiceWithTax(InvoiceGenerationHelper.java:758)
	at myfinance.VariableInvoiceGenerationWithTax.generate(VariableInvoiceGenerationWithTax.java:63)
	at sun.reflect.NativeMethodAccessorImpl.invoke0(Native Method)
	at sun.reflect.NativeMethodAccessorImpl.invoke(Unknown Source)
	at sun.reflect.DelegatingMethodAccessorImpl.invoke(Unknown Source)
	at java.lang.reflect.Method.invoke(Unknown Source)
	at org.testng.internal.MethodInvocationHelper.invokeMethod(MethodInvocationHelper.java:108)
	at org.testng.internal.Invoker.invokeMethod(Invoker.java:661)
	at org.testng.internal.Invoker.invokeTestMethod(Invoker.java:869)
	at org.testng.internal.Invoker.invokeTestMethods(Invoker.java:1193)
	at org.testng.internal.TestMethodWorker.invokeTestMethods(TestMethodWorker.java:126)
	at org.testng.internal.TestMethodWorker.run(TestMethodWorker.java:109)
	at org.testng.TestRunner.privateRun(TestRunner.java:744)
	at org.testng.TestRunner.run(TestRunner.java:602)
	at org.testng.SuiteRunner.runTest(SuiteRunner.java:380)
	at org.testng.SuiteRunner.runSequentially(SuiteRunner.java:375)
	at org.testng.SuiteRunner.privateRun(SuiteRunner.java:340)
	at org.testng.SuiteRunner.run(SuiteRunner.java:289)
	at org.testng.SuiteRunnerWorker.runSuite(SuiteRunnerWorker.java:52)
	at org.testng.SuiteRunnerWorker.run(SuiteRunnerWorker.java:86)
	at org.testng.TestNG.runSuitesSequentially(TestNG.java:1301)
	at org.testng.TestNG.runSuitesLocally(TestNG.java:1226)
	at org.testng.TestNG.runSuites(TestNG.java:1144)
	at org.testng.TestNG.run(TestNG.java:1115)
	at org.testng.remote.AbstractRemoteTestNG.run(AbstractRemoteTestNG.java:132)
	at org.testng.remote.RemoteTestNG.initAndRun(RemoteTestNG.java:230)
	at org.testng.remote.RemoteTestNG.main(RemoteTestNG.java:76)
]]>
    </error>
  </testcase> <!-- generate -->
  <testcase name="writeVoucherno" time="0.000" classname="myfinance.VariableInvoiceGenerationWithTax">
    <skipped/>
  </testcase> <!-- writeVoucherno -->
  <testcase name="ManualChecking" time="0.000" classname="myfinance.VariableInvoiceGenerationWithTax">
    <skipped/>
  </testcase> <!-- ManualChecking -->
</testsuite> <!-- myfinance.VariableInvoiceGenerationWithTax -->
